<?xml version="1.0" encoding="UTF-8"?>
<!-- Generated by org.testng.reporters.JUnitXMLReporter -->
<testsuite ignored="4" hostname="WebCARE" failures="0" tests="4" name="Default test" time="16.608" errors="0" timestamp="2023-11-28T20:50:07 IST">
  <testcase classname="testCases.Project_CrudTest" name="CreateProject" time="3.703"/>
  <testcase classname="testCases.AsiPriceTest" name="getBrandDetails" time="2.607"/>
  <testcase classname="testCases.AsiPriceTest" name="getAsidetails" time="3.171"/>
  <testcase classname="testCases.Raynor_615Test" name="getModelList" time="4.408"/>
  <testcase classname="testCases.Project_CrudTest" name="getProject" time="0.0">
    <ignored/>
  </testcase> <!-- getProject -->
  <testcase classname="testCases.AsiPriceTest" name="getmodelList200" time="0.0">
    <ignored/>
  </testcase> <!-- getmodelList200 -->
  <testcase classname="testCases.Project_CrudTest" name="updateProject" time="0.0">
    <ignored/>
  </testcase> <!-- updateProject -->
  <testcase classname="testCases.Project_CrudTest" name="deleteProject" time="0.0">
    <ignored/>
  </testcase> <!-- deleteProject -->
</testsuite> <!-- Default test -->
