<?xml version="1.0" encoding="UTF-8"?>
<!-- Generated by org.testng.reporters.JUnitXMLReporter -->
<testsuite ignored="0" hostname="WebCARE" failures="1" tests="4" name="Test" time="6.838" errors="0" timestamp="2023-11-09T20:41:25 IST">
  <testcase classname="testCases.Project_CrudTest" name="CreateProject" time="3.328"/>
  <testcase classname="testCases.Project_CrudTest" name="deleteProject" time="1.531"/>
  <testcase classname="testCases.Project_CrudTest" name="getProject" time="1.372">
    <failure type="java.lang.NullPointerException" message="Cannot invoke &amp;quot;projectIdResponse.Data.getId()&amp;quot; because the return value of &amp;quot;projectIdResponse.Root.getData()&amp;quot; is null">
      <![CDATA[java.lang.NullPointerException: Cannot invoke "projectIdResponse.Data.getId()" because the return value of "projectIdResponse.Root.getData()" is null
at testCases.Project_CrudTest.getProject(Project_CrudTest.java:57)
at java.base/java.util.ArrayList.forEach(ArrayList.java:1511)
... Removed 29 stack frames]]>
    </failure>
  </testcase> <!-- getProject -->
  <testcase classname="testCases.Project_CrudTest" name="updateProject" time="0.0">
    <skipped/>
  </testcase> <!-- updateProject -->
</testsuite> <!-- Test -->
