<?xml version="1.0" encoding="UTF-8"?>
<testng-results ignored="0" total="4" passed="4" failed="0" skipped="0">
  <reporter-output>
  </reporter-output>
  <suite started-at="2023-11-28T20:49:51 IST" name="Default suite" finished-at="2023-11-28T20:50:07 IST" duration-ms="16608">
    <groups>
    </groups>
    <test started-at="2023-11-28T20:49:51 IST" name="Default test" finished-at="2023-11-28T20:50:07 IST" duration-ms="16608">
      <class name="testCases.Raynor_615Test">
        <test-method signature="getModelList()[pri:0, instance:testCases.Raynor_615Test@c8c12ac]" started-at="2023-11-28T20:50:01 IST" name="getModelList" finished-at="2023-11-28T20:50:05 IST" depends-on-methods="testCases.AsiPriceTest.getAsidetails" duration-ms="4408" status="PASS">
          <reporter-output>
          </reporter-output>
        </test-method> <!-- getModelList -->
      </class> <!-- testCases.Raynor_615Test -->
      <class name="testCases.Project_CrudTest">
        <test-method signature="CreateProject(java.lang.String)[pri:0, instance:testCases.Project_CrudTest@1a482e36]" started-at="2023-11-28T20:49:51 IST" name="CreateProject" data-provider="projectData" finished-at="2023-11-28T20:49:55 IST" duration-ms="3703" status="PASS">
          <params>
            <param index="0">
              <value>
                <![CDATA[test987]]>
              </value>
            </param>
          </params>
          <reporter-output>
          </reporter-output>
        </test-method> <!-- CreateProject -->
      </class> <!-- testCases.Project_CrudTest -->
      <class name="testCases.AsiPriceTest">
        <test-method signature="getBrandDetails()[pri:0, instance:testCases.AsiPriceTest@7b2bbc3]" started-at="2023-11-28T20:49:55 IST" name="getBrandDetails" finished-at="2023-11-28T20:49:58 IST" depends-on-methods="testCases.Project_CrudTest.CreateProject" duration-ms="2607" status="PASS">
          <reporter-output>
          </reporter-output>
        </test-method> <!-- getBrandDetails -->
        <test-method signature="getAsidetails()[pri:0, instance:testCases.AsiPriceTest@7b2bbc3]" started-at="2023-11-28T20:49:58 IST" name="getAsidetails" finished-at="2023-11-28T20:50:01 IST" depends-on-methods="testCases.AsiPriceTest.getBrandDetails" duration-ms="3171" status="PASS">
          <reporter-output>
          </reporter-output>
        </test-method> <!-- getAsidetails -->
        <test-method is-config="true" signature="deleteProject()[pri:0, instance:testCases.AsiPriceTest@7b2bbc3]" started-at="2023-11-28T20:50:05 IST" name="deleteProject" finished-at="2023-11-28T20:50:07 IST" duration-ms="2014" status="PASS">
          <reporter-output>
          </reporter-output>
        </test-method> <!-- deleteProject -->
      </class> <!-- testCases.AsiPriceTest -->
    </test> <!-- Default test -->
  </suite> <!-- Default suite -->
</testng-results>
