<?xml version="1.0" encoding="UTF-8"?>
<testng-results ignored="0" total="267" passed="267" failed="0" skipped="0">
  <reporter-output>
  </reporter-output>
  <suite started-at="2023-11-07T15:06:23 IST" name="Default suite" finished-at="2023-11-07T15:13:52 IST" duration-ms="448853">
    <groups>
    </groups>
    <test started-at="2023-11-07T15:06:23 IST" name="Default test" finished-at="2023-11-07T15:13:52 IST" duration-ms="448853">
      <class name="testCases.Project_CrudTest">
        <test-method signature="CreateProject(java.lang.String)[pri:0, instance:testCases.Project_CrudTest@c8c12ac]" started-at="2023-11-07T15:06:24 IST" name="CreateProject" data-provider="projectData" finished-at="2023-11-07T15:06:26 IST" duration-ms="2406" status="PASS">
          <params>
            <param index="0">
              <value>
                <![CDATA[test987]]>
              </value>
            </param>
          </params>
          <reporter-output>
          </reporter-output>
        </test-method> <!-- CreateProject -->
      </class> <!-- testCases.Project_CrudTest -->
      <class name="testCases.AsiPriceTest">
        <test-method signature="getBrandDetails()[pri:0, instance:testCases.AsiPriceTest@4c583ecf]" started-at="2023-11-07T15:06:26 IST" name="getBrandDetails" finished-at="2023-11-07T15:06:27 IST" depends-on-methods="testCases.Project_CrudTest.CreateProject" duration-ms="1152" status="PASS">
          <reporter-output>
          </reporter-output>
        </test-method> <!-- getBrandDetails -->
        <test-method signature="getAsidetails()[pri:0, instance:testCases.AsiPriceTest@4c583ecf]" started-at="2023-11-07T15:06:27 IST" name="getAsidetails" finished-at="2023-11-07T15:06:29 IST" depends-on-methods="testCases.AsiPriceTest.getBrandDetails" duration-ms="2111" status="PASS">
          <reporter-output>
          </reporter-output>
        </test-method> <!-- getAsidetails -->
        <test-method signature="getmodelList200(java.lang.String,java.lang.String,java.lang.String,java.lang.String,java.lang.String)[pri:0, instance:testCases.AsiPriceTest@4c583ecf]" started-at="2023-11-07T15:06:37 IST" name="getmodelList200" data-provider="asiData" finished-at="2023-11-07T15:06:40 IST" depends-on-methods="testCases.AsiPriceTest.getAsidetails" duration-ms="2363" status="PASS">
          <params>
            <param index="0">
              <value>
                <![CDATA[FABRICDOOR]]>
              </value>
            </param>
            <param index="1">
              <value>
                <![CDATA[615L]]>
              </value>
            </param>
            <param index="2">
              <value>
                <![CDATA[7.00]]>
              </value>
            </param>
            <param index="3">
              <value>
                <![CDATA[18.00]]>
              </value>
            </param>
            <param index="4">
              <value>
                <![CDATA[25197]]>
              </value>
            </param>
          </params>
          <reporter-output>
          </reporter-output>
        </test-method> <!-- getmodelList200 -->
        <test-method signature="getmodelList200(java.lang.String,java.lang.String,java.lang.String,java.lang.String,java.lang.String)[pri:0, instance:testCases.AsiPriceTest@4c583ecf]" started-at="2023-11-07T15:06:40 IST" name="getmodelList200" data-provider="asiData" finished-at="2023-11-07T15:06:41 IST" depends-on-methods="testCases.AsiPriceTest.getAsidetails" duration-ms="1782" status="PASS">
          <params>
            <param index="0">
              <value>
                <![CDATA[FABRICDOOR]]>
              </value>
            </param>
            <param index="1">
              <value>
                <![CDATA[615L]]>
              </value>
            </param>
            <param index="2">
              <value>
                <![CDATA[8.00]]>
              </value>
            </param>
            <param index="3">
              <value>
                <![CDATA[18.00]]>
              </value>
            </param>
            <param index="4">
              <value>
                <![CDATA[25928]]>
              </value>
            </param>
          </params>
          <reporter-output>
          </reporter-output>
        </test-method> <!-- getmodelList200 -->
        <test-method signature="getmodelList200(java.lang.String,java.lang.String,java.lang.String,java.lang.String,java.lang.String)[pri:0, instance:testCases.AsiPriceTest@4c583ecf]" started-at="2023-11-07T15:06:41 IST" name="getmodelList200" data-provider="asiData" finished-at="2023-11-07T15:06:43 IST" depends-on-methods="testCases.AsiPriceTest.getAsidetails" duration-ms="1734" status="PASS">
          <params>
            <param index="0">
              <value>
                <![CDATA[FABRICDOOR]]>
              </value>
            </param>
            <param index="1">
              <value>
                <![CDATA[615L]]>
              </value>
            </param>
            <param index="2">
              <value>
                <![CDATA[9.00]]>
              </value>
            </param>
            <param index="3">
              <value>
                <![CDATA[18.00]]>
              </value>
            </param>
            <param index="4">
              <value>
                <![CDATA[26658]]>
              </value>
            </param>
          </params>
          <reporter-output>
          </reporter-output>
        </test-method> <!-- getmodelList200 -->
        <test-method signature="getmodelList200(java.lang.String,java.lang.String,java.lang.String,java.lang.String,java.lang.String)[pri:0, instance:testCases.AsiPriceTest@4c583ecf]" started-at="2023-11-07T15:06:43 IST" name="getmodelList200" data-provider="asiData" finished-at="2023-11-07T15:06:45 IST" depends-on-methods="testCases.AsiPriceTest.getAsidetails" duration-ms="1812" status="PASS">
          <params>
            <param index="0">
              <value>
                <![CDATA[FABRICDOOR]]>
              </value>
            </param>
            <param index="1">
              <value>
                <![CDATA[615L]]>
              </value>
            </param>
            <param index="2">
              <value>
                <![CDATA[10.00]]>
              </value>
            </param>
            <param index="3">
              <value>
                <![CDATA[18.00]]>
              </value>
            </param>
            <param index="4">
              <value>
                <![CDATA[27389]]>
              </value>
            </param>
          </params>
          <reporter-output>
          </reporter-output>
        </test-method> <!-- getmodelList200 -->
        <test-method signature="getmodelList200(java.lang.String,java.lang.String,java.lang.String,java.lang.String,java.lang.String)[pri:0, instance:testCases.AsiPriceTest@4c583ecf]" started-at="2023-11-07T15:06:45 IST" name="getmodelList200" data-provider="asiData" finished-at="2023-11-07T15:06:47 IST" depends-on-methods="testCases.AsiPriceTest.getAsidetails" duration-ms="1739" status="PASS">
          <params>
            <param index="0">
              <value>
                <![CDATA[FABRICDOOR]]>
              </value>
            </param>
            <param index="1">
              <value>
                <![CDATA[615L]]>
              </value>
            </param>
            <param index="2">
              <value>
                <![CDATA[11.00]]>
              </value>
            </param>
            <param index="3">
              <value>
                <![CDATA[18.00]]>
              </value>
            </param>
            <param index="4">
              <value>
                <![CDATA[28120]]>
              </value>
            </param>
          </params>
          <reporter-output>
          </reporter-output>
        </test-method> <!-- getmodelList200 -->
        <test-method signature="getmodelList200(java.lang.String,java.lang.String,java.lang.String,java.lang.String,java.lang.String)[pri:0, instance:testCases.AsiPriceTest@4c583ecf]" started-at="2023-11-07T15:06:47 IST" name="getmodelList200" data-provider="asiData" finished-at="2023-11-07T15:06:48 IST" depends-on-methods="testCases.AsiPriceTest.getAsidetails" duration-ms="1659" status="PASS">
          <params>
            <param index="0">
              <value>
                <![CDATA[FABRICDOOR]]>
              </value>
            </param>
            <param index="1">
              <value>
                <![CDATA[615L]]>
              </value>
            </param>
            <param index="2">
              <value>
                <![CDATA[12.00]]>
              </value>
            </param>
            <param index="3">
              <value>
                <![CDATA[18.00]]>
              </value>
            </param>
            <param index="4">
              <value>
                <![CDATA[28851]]>
              </value>
            </param>
          </params>
          <reporter-output>
          </reporter-output>
        </test-method> <!-- getmodelList200 -->
        <test-method signature="getmodelList200(java.lang.String,java.lang.String,java.lang.String,java.lang.String,java.lang.String)[pri:0, instance:testCases.AsiPriceTest@4c583ecf]" started-at="2023-11-07T15:06:48 IST" name="getmodelList200" data-provider="asiData" finished-at="2023-11-07T15:06:50 IST" depends-on-methods="testCases.AsiPriceTest.getAsidetails" duration-ms="1824" status="PASS">
          <params>
            <param index="0">
              <value>
                <![CDATA[FABRICDOOR]]>
              </value>
            </param>
            <param index="1">
              <value>
                <![CDATA[615L]]>
              </value>
            </param>
            <param index="2">
              <value>
                <![CDATA[13.00]]>
              </value>
            </param>
            <param index="3">
              <value>
                <![CDATA[18.00]]>
              </value>
            </param>
            <param index="4">
              <value>
                <![CDATA[29581]]>
              </value>
            </param>
          </params>
          <reporter-output>
          </reporter-output>
        </test-method> <!-- getmodelList200 -->
        <test-method signature="getmodelList200(java.lang.String,java.lang.String,java.lang.String,java.lang.String,java.lang.String)[pri:0, instance:testCases.AsiPriceTest@4c583ecf]" started-at="2023-11-07T15:06:50 IST" name="getmodelList200" data-provider="asiData" finished-at="2023-11-07T15:06:52 IST" depends-on-methods="testCases.AsiPriceTest.getAsidetails" duration-ms="1657" status="PASS">
          <params>
            <param index="0">
              <value>
                <![CDATA[FABRICDOOR]]>
              </value>
            </param>
            <param index="1">
              <value>
                <![CDATA[615L]]>
              </value>
            </param>
            <param index="2">
              <value>
                <![CDATA[14.00]]>
              </value>
            </param>
            <param index="3">
              <value>
                <![CDATA[18.00]]>
              </value>
            </param>
            <param index="4">
              <value>
                <![CDATA[30312]]>
              </value>
            </param>
          </params>
          <reporter-output>
          </reporter-output>
        </test-method> <!-- getmodelList200 -->
        <test-method signature="getmodelList200(java.lang.String,java.lang.String,java.lang.String,java.lang.String,java.lang.String)[pri:0, instance:testCases.AsiPriceTest@4c583ecf]" started-at="2023-11-07T15:06:52 IST" name="getmodelList200" data-provider="asiData" finished-at="2023-11-07T15:06:54 IST" depends-on-methods="testCases.AsiPriceTest.getAsidetails" duration-ms="1730" status="PASS">
          <params>
            <param index="0">
              <value>
                <![CDATA[FABRICDOOR]]>
              </value>
            </param>
            <param index="1">
              <value>
                <![CDATA[615L]]>
              </value>
            </param>
            <param index="2">
              <value>
                <![CDATA[15.00]]>
              </value>
            </param>
            <param index="3">
              <value>
                <![CDATA[18.00]]>
              </value>
            </param>
            <param index="4">
              <value>
                <![CDATA[31043]]>
              </value>
            </param>
          </params>
          <reporter-output>
          </reporter-output>
        </test-method> <!-- getmodelList200 -->
        <test-method signature="getmodelList200(java.lang.String,java.lang.String,java.lang.String,java.lang.String,java.lang.String)[pri:0, instance:testCases.AsiPriceTest@4c583ecf]" started-at="2023-11-07T15:06:54 IST" name="getmodelList200" data-provider="asiData" finished-at="2023-11-07T15:06:55 IST" depends-on-methods="testCases.AsiPriceTest.getAsidetails" duration-ms="1738" status="PASS">
          <params>
            <param index="0">
              <value>
                <![CDATA[FABRICDOOR]]>
              </value>
            </param>
            <param index="1">
              <value>
                <![CDATA[615L]]>
              </value>
            </param>
            <param index="2">
              <value>
                <![CDATA[16.00]]>
              </value>
            </param>
            <param index="3">
              <value>
                <![CDATA[18.00]]>
              </value>
            </param>
            <param index="4">
              <value>
                <![CDATA[31774]]>
              </value>
            </param>
          </params>
          <reporter-output>
          </reporter-output>
        </test-method> <!-- getmodelList200 -->
        <test-method signature="getmodelList200(java.lang.String,java.lang.String,java.lang.String,java.lang.String,java.lang.String)[pri:0, instance:testCases.AsiPriceTest@4c583ecf]" started-at="2023-11-07T15:06:55 IST" name="getmodelList200" data-provider="asiData" finished-at="2023-11-07T15:06:57 IST" depends-on-methods="testCases.AsiPriceTest.getAsidetails" duration-ms="1733" status="PASS">
          <params>
            <param index="0">
              <value>
                <![CDATA[FABRICDOOR]]>
              </value>
            </param>
            <param index="1">
              <value>
                <![CDATA[615L]]>
              </value>
            </param>
            <param index="2">
              <value>
                <![CDATA[17.00]]>
              </value>
            </param>
            <param index="3">
              <value>
                <![CDATA[18.00]]>
              </value>
            </param>
            <param index="4">
              <value>
                <![CDATA[32504]]>
              </value>
            </param>
          </params>
          <reporter-output>
          </reporter-output>
        </test-method> <!-- getmodelList200 -->
        <test-method signature="getmodelList200(java.lang.String,java.lang.String,java.lang.String,java.lang.String,java.lang.String)[pri:0, instance:testCases.AsiPriceTest@4c583ecf]" started-at="2023-11-07T15:06:57 IST" name="getmodelList200" data-provider="asiData" finished-at="2023-11-07T15:06:59 IST" depends-on-methods="testCases.AsiPriceTest.getAsidetails" duration-ms="1713" status="PASS">
          <params>
            <param index="0">
              <value>
                <![CDATA[FABRICDOOR]]>
              </value>
            </param>
            <param index="1">
              <value>
                <![CDATA[615L]]>
              </value>
            </param>
            <param index="2">
              <value>
                <![CDATA[18.00]]>
              </value>
            </param>
            <param index="3">
              <value>
                <![CDATA[18.00]]>
              </value>
            </param>
            <param index="4">
              <value>
                <![CDATA[33235]]>
              </value>
            </param>
          </params>
          <reporter-output>
          </reporter-output>
        </test-method> <!-- getmodelList200 -->
        <test-method signature="getmodelList200(java.lang.String,java.lang.String,java.lang.String,java.lang.String,java.lang.String)[pri:0, instance:testCases.AsiPriceTest@4c583ecf]" started-at="2023-11-07T15:06:59 IST" name="getmodelList200" data-provider="asiData" finished-at="2023-11-07T15:07:00 IST" depends-on-methods="testCases.AsiPriceTest.getAsidetails" duration-ms="1747" status="PASS">
          <params>
            <param index="0">
              <value>
                <![CDATA[FABRICDOOR]]>
              </value>
            </param>
            <param index="1">
              <value>
                <![CDATA[615L]]>
              </value>
            </param>
            <param index="2">
              <value>
                <![CDATA[7.00]]>
              </value>
            </param>
            <param index="3">
              <value>
                <![CDATA[19.00]]>
              </value>
            </param>
            <param index="4">
              <value>
                <![CDATA[26063]]>
              </value>
            </param>
          </params>
          <reporter-output>
          </reporter-output>
        </test-method> <!-- getmodelList200 -->
        <test-method signature="getmodelList200(java.lang.String,java.lang.String,java.lang.String,java.lang.String,java.lang.String)[pri:0, instance:testCases.AsiPriceTest@4c583ecf]" started-at="2023-11-07T15:07:00 IST" name="getmodelList200" data-provider="asiData" finished-at="2023-11-07T15:07:02 IST" depends-on-methods="testCases.AsiPriceTest.getAsidetails" duration-ms="1772" status="PASS">
          <params>
            <param index="0">
              <value>
                <![CDATA[FABRICDOOR]]>
              </value>
            </param>
            <param index="1">
              <value>
                <![CDATA[615L]]>
              </value>
            </param>
            <param index="2">
              <value>
                <![CDATA[8.00]]>
              </value>
            </param>
            <param index="3">
              <value>
                <![CDATA[19.00]]>
              </value>
            </param>
            <param index="4">
              <value>
                <![CDATA[26797]]>
              </value>
            </param>
          </params>
          <reporter-output>
          </reporter-output>
        </test-method> <!-- getmodelList200 -->
        <test-method signature="getmodelList200(java.lang.String,java.lang.String,java.lang.String,java.lang.String,java.lang.String)[pri:0, instance:testCases.AsiPriceTest@4c583ecf]" started-at="2023-11-07T15:07:02 IST" name="getmodelList200" data-provider="asiData" finished-at="2023-11-07T15:07:04 IST" depends-on-methods="testCases.AsiPriceTest.getAsidetails" duration-ms="1822" status="PASS">
          <params>
            <param index="0">
              <value>
                <![CDATA[FABRICDOOR]]>
              </value>
            </param>
            <param index="1">
              <value>
                <![CDATA[615L]]>
              </value>
            </param>
            <param index="2">
              <value>
                <![CDATA[9.00]]>
              </value>
            </param>
            <param index="3">
              <value>
                <![CDATA[19.00]]>
              </value>
            </param>
            <param index="4">
              <value>
                <![CDATA[27531]]>
              </value>
            </param>
          </params>
          <reporter-output>
          </reporter-output>
        </test-method> <!-- getmodelList200 -->
        <test-method signature="getmodelList200(java.lang.String,java.lang.String,java.lang.String,java.lang.String,java.lang.String)[pri:0, instance:testCases.AsiPriceTest@4c583ecf]" started-at="2023-11-07T15:07:04 IST" name="getmodelList200" data-provider="asiData" finished-at="2023-11-07T15:07:06 IST" depends-on-methods="testCases.AsiPriceTest.getAsidetails" duration-ms="1782" status="PASS">
          <params>
            <param index="0">
              <value>
                <![CDATA[FABRICDOOR]]>
              </value>
            </param>
            <param index="1">
              <value>
                <![CDATA[615L]]>
              </value>
            </param>
            <param index="2">
              <value>
                <![CDATA[10.00]]>
              </value>
            </param>
            <param index="3">
              <value>
                <![CDATA[19.00]]>
              </value>
            </param>
            <param index="4">
              <value>
                <![CDATA[28264]]>
              </value>
            </param>
          </params>
          <reporter-output>
          </reporter-output>
        </test-method> <!-- getmodelList200 -->
        <test-method signature="getmodelList200(java.lang.String,java.lang.String,java.lang.String,java.lang.String,java.lang.String)[pri:0, instance:testCases.AsiPriceTest@4c583ecf]" started-at="2023-11-07T15:07:06 IST" name="getmodelList200" data-provider="asiData" finished-at="2023-11-07T15:07:08 IST" depends-on-methods="testCases.AsiPriceTest.getAsidetails" duration-ms="1822" status="PASS">
          <params>
            <param index="0">
              <value>
                <![CDATA[FABRICDOOR]]>
              </value>
            </param>
            <param index="1">
              <value>
                <![CDATA[615L]]>
              </value>
            </param>
            <param index="2">
              <value>
                <![CDATA[11.00]]>
              </value>
            </param>
            <param index="3">
              <value>
                <![CDATA[19.00]]>
              </value>
            </param>
            <param index="4">
              <value>
                <![CDATA[28998]]>
              </value>
            </param>
          </params>
          <reporter-output>
          </reporter-output>
        </test-method> <!-- getmodelList200 -->
        <test-method signature="getmodelList200(java.lang.String,java.lang.String,java.lang.String,java.lang.String,java.lang.String)[pri:0, instance:testCases.AsiPriceTest@4c583ecf]" started-at="2023-11-07T15:07:08 IST" name="getmodelList200" data-provider="asiData" finished-at="2023-11-07T15:07:09 IST" depends-on-methods="testCases.AsiPriceTest.getAsidetails" duration-ms="1650" status="PASS">
          <params>
            <param index="0">
              <value>
                <![CDATA[FABRICDOOR]]>
              </value>
            </param>
            <param index="1">
              <value>
                <![CDATA[615L]]>
              </value>
            </param>
            <param index="2">
              <value>
                <![CDATA[12.00]]>
              </value>
            </param>
            <param index="3">
              <value>
                <![CDATA[19.00]]>
              </value>
            </param>
            <param index="4">
              <value>
                <![CDATA[29732]]>
              </value>
            </param>
          </params>
          <reporter-output>
          </reporter-output>
        </test-method> <!-- getmodelList200 -->
        <test-method signature="getmodelList200(java.lang.String,java.lang.String,java.lang.String,java.lang.String,java.lang.String)[pri:0, instance:testCases.AsiPriceTest@4c583ecf]" started-at="2023-11-07T15:07:09 IST" name="getmodelList200" data-provider="asiData" finished-at="2023-11-07T15:07:11 IST" depends-on-methods="testCases.AsiPriceTest.getAsidetails" duration-ms="1647" status="PASS">
          <params>
            <param index="0">
              <value>
                <![CDATA[FABRICDOOR]]>
              </value>
            </param>
            <param index="1">
              <value>
                <![CDATA[615L]]>
              </value>
            </param>
            <param index="2">
              <value>
                <![CDATA[13.00]]>
              </value>
            </param>
            <param index="3">
              <value>
                <![CDATA[19.00]]>
              </value>
            </param>
            <param index="4">
              <value>
                <![CDATA[30466]]>
              </value>
            </param>
          </params>
          <reporter-output>
          </reporter-output>
        </test-method> <!-- getmodelList200 -->
        <test-method signature="getmodelList200(java.lang.String,java.lang.String,java.lang.String,java.lang.String,java.lang.String)[pri:0, instance:testCases.AsiPriceTest@4c583ecf]" started-at="2023-11-07T15:07:11 IST" name="getmodelList200" data-provider="asiData" finished-at="2023-11-07T15:07:13 IST" depends-on-methods="testCases.AsiPriceTest.getAsidetails" duration-ms="1795" status="PASS">
          <params>
            <param index="0">
              <value>
                <![CDATA[FABRICDOOR]]>
              </value>
            </param>
            <param index="1">
              <value>
                <![CDATA[615L]]>
              </value>
            </param>
            <param index="2">
              <value>
                <![CDATA[14.00]]>
              </value>
            </param>
            <param index="3">
              <value>
                <![CDATA[19.00]]>
              </value>
            </param>
            <param index="4">
              <value>
                <![CDATA[31200]]>
              </value>
            </param>
          </params>
          <reporter-output>
          </reporter-output>
        </test-method> <!-- getmodelList200 -->
        <test-method signature="getmodelList200(java.lang.String,java.lang.String,java.lang.String,java.lang.String,java.lang.String)[pri:0, instance:testCases.AsiPriceTest@4c583ecf]" started-at="2023-11-07T15:07:13 IST" name="getmodelList200" data-provider="asiData" finished-at="2023-11-07T15:07:15 IST" depends-on-methods="testCases.AsiPriceTest.getAsidetails" duration-ms="1742" status="PASS">
          <params>
            <param index="0">
              <value>
                <![CDATA[FABRICDOOR]]>
              </value>
            </param>
            <param index="1">
              <value>
                <![CDATA[615L]]>
              </value>
            </param>
            <param index="2">
              <value>
                <![CDATA[15.00]]>
              </value>
            </param>
            <param index="3">
              <value>
                <![CDATA[19.00]]>
              </value>
            </param>
            <param index="4">
              <value>
                <![CDATA[31934]]>
              </value>
            </param>
          </params>
          <reporter-output>
          </reporter-output>
        </test-method> <!-- getmodelList200 -->
        <test-method signature="getmodelList200(java.lang.String,java.lang.String,java.lang.String,java.lang.String,java.lang.String)[pri:0, instance:testCases.AsiPriceTest@4c583ecf]" started-at="2023-11-07T15:07:15 IST" name="getmodelList200" data-provider="asiData" finished-at="2023-11-07T15:07:16 IST" depends-on-methods="testCases.AsiPriceTest.getAsidetails" duration-ms="1849" status="PASS">
          <params>
            <param index="0">
              <value>
                <![CDATA[FABRICDOOR]]>
              </value>
            </param>
            <param index="1">
              <value>
                <![CDATA[615L]]>
              </value>
            </param>
            <param index="2">
              <value>
                <![CDATA[16.00]]>
              </value>
            </param>
            <param index="3">
              <value>
                <![CDATA[19.00]]>
              </value>
            </param>
            <param index="4">
              <value>
                <![CDATA[32667]]>
              </value>
            </param>
          </params>
          <reporter-output>
          </reporter-output>
        </test-method> <!-- getmodelList200 -->
        <test-method signature="getmodelList200(java.lang.String,java.lang.String,java.lang.String,java.lang.String,java.lang.String)[pri:0, instance:testCases.AsiPriceTest@4c583ecf]" started-at="2023-11-07T15:07:16 IST" name="getmodelList200" data-provider="asiData" finished-at="2023-11-07T15:07:18 IST" depends-on-methods="testCases.AsiPriceTest.getAsidetails" duration-ms="1750" status="PASS">
          <params>
            <param index="0">
              <value>
                <![CDATA[FABRICDOOR]]>
              </value>
            </param>
            <param index="1">
              <value>
                <![CDATA[615L]]>
              </value>
            </param>
            <param index="2">
              <value>
                <![CDATA[17.00]]>
              </value>
            </param>
            <param index="3">
              <value>
                <![CDATA[19.00]]>
              </value>
            </param>
            <param index="4">
              <value>
                <![CDATA[33401]]>
              </value>
            </param>
          </params>
          <reporter-output>
          </reporter-output>
        </test-method> <!-- getmodelList200 -->
        <test-method signature="getmodelList200(java.lang.String,java.lang.String,java.lang.String,java.lang.String,java.lang.String)[pri:0, instance:testCases.AsiPriceTest@4c583ecf]" started-at="2023-11-07T15:07:18 IST" name="getmodelList200" data-provider="asiData" finished-at="2023-11-07T15:07:20 IST" depends-on-methods="testCases.AsiPriceTest.getAsidetails" duration-ms="1800" status="PASS">
          <params>
            <param index="0">
              <value>
                <![CDATA[FABRICDOOR]]>
              </value>
            </param>
            <param index="1">
              <value>
                <![CDATA[615L]]>
              </value>
            </param>
            <param index="2">
              <value>
                <![CDATA[18.00]]>
              </value>
            </param>
            <param index="3">
              <value>
                <![CDATA[19.00]]>
              </value>
            </param>
            <param index="4">
              <value>
                <![CDATA[34135]]>
              </value>
            </param>
          </params>
          <reporter-output>
          </reporter-output>
        </test-method> <!-- getmodelList200 -->
        <test-method signature="getmodelList200(java.lang.String,java.lang.String,java.lang.String,java.lang.String,java.lang.String)[pri:0, instance:testCases.AsiPriceTest@4c583ecf]" started-at="2023-11-07T15:07:20 IST" name="getmodelList200" data-provider="asiData" finished-at="2023-11-07T15:07:22 IST" depends-on-methods="testCases.AsiPriceTest.getAsidetails" duration-ms="1745" status="PASS">
          <params>
            <param index="0">
              <value>
                <![CDATA[FABRICDOOR]]>
              </value>
            </param>
            <param index="1">
              <value>
                <![CDATA[615L]]>
              </value>
            </param>
            <param index="2">
              <value>
                <![CDATA[7.00]]>
              </value>
            </param>
            <param index="3">
              <value>
                <![CDATA[20.00]]>
              </value>
            </param>
            <param index="4">
              <value>
                <![CDATA[26929]]>
              </value>
            </param>
          </params>
          <reporter-output>
          </reporter-output>
        </test-method> <!-- getmodelList200 -->
        <test-method signature="getmodelList200(java.lang.String,java.lang.String,java.lang.String,java.lang.String,java.lang.String)[pri:0, instance:testCases.AsiPriceTest@4c583ecf]" started-at="2023-11-07T15:07:22 IST" name="getmodelList200" data-provider="asiData" finished-at="2023-11-07T15:07:23 IST" depends-on-methods="testCases.AsiPriceTest.getAsidetails" duration-ms="1701" status="PASS">
          <params>
            <param index="0">
              <value>
                <![CDATA[FABRICDOOR]]>
              </value>
            </param>
            <param index="1">
              <value>
                <![CDATA[615L]]>
              </value>
            </param>
            <param index="2">
              <value>
                <![CDATA[8.00]]>
              </value>
            </param>
            <param index="3">
              <value>
                <![CDATA[20.00]]>
              </value>
            </param>
            <param index="4">
              <value>
                <![CDATA[27666]]>
              </value>
            </param>
          </params>
          <reporter-output>
          </reporter-output>
        </test-method> <!-- getmodelList200 -->
        <test-method signature="getmodelList200(java.lang.String,java.lang.String,java.lang.String,java.lang.String,java.lang.String)[pri:0, instance:testCases.AsiPriceTest@4c583ecf]" started-at="2023-11-07T15:07:23 IST" name="getmodelList200" data-provider="asiData" finished-at="2023-11-07T15:07:25 IST" depends-on-methods="testCases.AsiPriceTest.getAsidetails" duration-ms="1800" status="PASS">
          <params>
            <param index="0">
              <value>
                <![CDATA[FABRICDOOR]]>
              </value>
            </param>
            <param index="1">
              <value>
                <![CDATA[615L]]>
              </value>
            </param>
            <param index="2">
              <value>
                <![CDATA[9.00]]>
              </value>
            </param>
            <param index="3">
              <value>
                <![CDATA[20.00]]>
              </value>
            </param>
            <param index="4">
              <value>
                <![CDATA[28403]]>
              </value>
            </param>
          </params>
          <reporter-output>
          </reporter-output>
        </test-method> <!-- getmodelList200 -->
        <test-method signature="getmodelList200(java.lang.String,java.lang.String,java.lang.String,java.lang.String,java.lang.String)[pri:0, instance:testCases.AsiPriceTest@4c583ecf]" started-at="2023-11-07T15:07:25 IST" name="getmodelList200" data-provider="asiData" finished-at="2023-11-07T15:07:27 IST" depends-on-methods="testCases.AsiPriceTest.getAsidetails" duration-ms="1718" status="PASS">
          <params>
            <param index="0">
              <value>
                <![CDATA[FABRICDOOR]]>
              </value>
            </param>
            <param index="1">
              <value>
                <![CDATA[615L]]>
              </value>
            </param>
            <param index="2">
              <value>
                <![CDATA[10.00]]>
              </value>
            </param>
            <param index="3">
              <value>
                <![CDATA[20.00]]>
              </value>
            </param>
            <param index="4">
              <value>
                <![CDATA[29140]]>
              </value>
            </param>
          </params>
          <reporter-output>
          </reporter-output>
        </test-method> <!-- getmodelList200 -->
        <test-method signature="getmodelList200(java.lang.String,java.lang.String,java.lang.String,java.lang.String,java.lang.String)[pri:0, instance:testCases.AsiPriceTest@4c583ecf]" started-at="2023-11-07T15:07:27 IST" name="getmodelList200" data-provider="asiData" finished-at="2023-11-07T15:07:28 IST" depends-on-methods="testCases.AsiPriceTest.getAsidetails" duration-ms="1591" status="PASS">
          <params>
            <param index="0">
              <value>
                <![CDATA[FABRICDOOR]]>
              </value>
            </param>
            <param index="1">
              <value>
                <![CDATA[615L]]>
              </value>
            </param>
            <param index="2">
              <value>
                <![CDATA[11.00]]>
              </value>
            </param>
            <param index="3">
              <value>
                <![CDATA[20.00]]>
              </value>
            </param>
            <param index="4">
              <value>
                <![CDATA[29877]]>
              </value>
            </param>
          </params>
          <reporter-output>
          </reporter-output>
        </test-method> <!-- getmodelList200 -->
        <test-method signature="getmodelList200(java.lang.String,java.lang.String,java.lang.String,java.lang.String,java.lang.String)[pri:0, instance:testCases.AsiPriceTest@4c583ecf]" started-at="2023-11-07T15:07:28 IST" name="getmodelList200" data-provider="asiData" finished-at="2023-11-07T15:07:30 IST" depends-on-methods="testCases.AsiPriceTest.getAsidetails" duration-ms="1514" status="PASS">
          <params>
            <param index="0">
              <value>
                <![CDATA[FABRICDOOR]]>
              </value>
            </param>
            <param index="1">
              <value>
                <![CDATA[615L]]>
              </value>
            </param>
            <param index="2">
              <value>
                <![CDATA[12.00]]>
              </value>
            </param>
            <param index="3">
              <value>
                <![CDATA[20.00]]>
              </value>
            </param>
            <param index="4">
              <value>
                <![CDATA[30614]]>
              </value>
            </param>
          </params>
          <reporter-output>
          </reporter-output>
        </test-method> <!-- getmodelList200 -->
        <test-method signature="getmodelList200(java.lang.String,java.lang.String,java.lang.String,java.lang.String,java.lang.String)[pri:0, instance:testCases.AsiPriceTest@4c583ecf]" started-at="2023-11-07T15:07:30 IST" name="getmodelList200" data-provider="asiData" finished-at="2023-11-07T15:07:32 IST" depends-on-methods="testCases.AsiPriceTest.getAsidetails" duration-ms="1530" status="PASS">
          <params>
            <param index="0">
              <value>
                <![CDATA[FABRICDOOR]]>
              </value>
            </param>
            <param index="1">
              <value>
                <![CDATA[615L]]>
              </value>
            </param>
            <param index="2">
              <value>
                <![CDATA[13.00]]>
              </value>
            </param>
            <param index="3">
              <value>
                <![CDATA[20.00]]>
              </value>
            </param>
            <param index="4">
              <value>
                <![CDATA[31351]]>
              </value>
            </param>
          </params>
          <reporter-output>
          </reporter-output>
        </test-method> <!-- getmodelList200 -->
        <test-method signature="getmodelList200(java.lang.String,java.lang.String,java.lang.String,java.lang.String,java.lang.String)[pri:0, instance:testCases.AsiPriceTest@4c583ecf]" started-at="2023-11-07T15:07:32 IST" name="getmodelList200" data-provider="asiData" finished-at="2023-11-07T15:07:33 IST" depends-on-methods="testCases.AsiPriceTest.getAsidetails" duration-ms="1549" status="PASS">
          <params>
            <param index="0">
              <value>
                <![CDATA[FABRICDOOR]]>
              </value>
            </param>
            <param index="1">
              <value>
                <![CDATA[615L]]>
              </value>
            </param>
            <param index="2">
              <value>
                <![CDATA[14.00]]>
              </value>
            </param>
            <param index="3">
              <value>
                <![CDATA[20.00]]>
              </value>
            </param>
            <param index="4">
              <value>
                <![CDATA[32087]]>
              </value>
            </param>
          </params>
          <reporter-output>
          </reporter-output>
        </test-method> <!-- getmodelList200 -->
        <test-method signature="getmodelList200(java.lang.String,java.lang.String,java.lang.String,java.lang.String,java.lang.String)[pri:0, instance:testCases.AsiPriceTest@4c583ecf]" started-at="2023-11-07T15:07:33 IST" name="getmodelList200" data-provider="asiData" finished-at="2023-11-07T15:07:35 IST" depends-on-methods="testCases.AsiPriceTest.getAsidetails" duration-ms="1472" status="PASS">
          <params>
            <param index="0">
              <value>
                <![CDATA[FABRICDOOR]]>
              </value>
            </param>
            <param index="1">
              <value>
                <![CDATA[615L]]>
              </value>
            </param>
            <param index="2">
              <value>
                <![CDATA[15.00]]>
              </value>
            </param>
            <param index="3">
              <value>
                <![CDATA[20.00]]>
              </value>
            </param>
            <param index="4">
              <value>
                <![CDATA[32824]]>
              </value>
            </param>
          </params>
          <reporter-output>
          </reporter-output>
        </test-method> <!-- getmodelList200 -->
        <test-method signature="getmodelList200(java.lang.String,java.lang.String,java.lang.String,java.lang.String,java.lang.String)[pri:0, instance:testCases.AsiPriceTest@4c583ecf]" started-at="2023-11-07T15:07:35 IST" name="getmodelList200" data-provider="asiData" finished-at="2023-11-07T15:07:36 IST" depends-on-methods="testCases.AsiPriceTest.getAsidetails" duration-ms="1477" status="PASS">
          <params>
            <param index="0">
              <value>
                <![CDATA[FABRICDOOR]]>
              </value>
            </param>
            <param index="1">
              <value>
                <![CDATA[615L]]>
              </value>
            </param>
            <param index="2">
              <value>
                <![CDATA[16.00]]>
              </value>
            </param>
            <param index="3">
              <value>
                <![CDATA[20.00]]>
              </value>
            </param>
            <param index="4">
              <value>
                <![CDATA[33561]]>
              </value>
            </param>
          </params>
          <reporter-output>
          </reporter-output>
        </test-method> <!-- getmodelList200 -->
        <test-method signature="getmodelList200(java.lang.String,java.lang.String,java.lang.String,java.lang.String,java.lang.String)[pri:0, instance:testCases.AsiPriceTest@4c583ecf]" started-at="2023-11-07T15:07:36 IST" name="getmodelList200" data-provider="asiData" finished-at="2023-11-07T15:07:38 IST" depends-on-methods="testCases.AsiPriceTest.getAsidetails" duration-ms="1492" status="PASS">
          <params>
            <param index="0">
              <value>
                <![CDATA[FABRICDOOR]]>
              </value>
            </param>
            <param index="1">
              <value>
                <![CDATA[615L]]>
              </value>
            </param>
            <param index="2">
              <value>
                <![CDATA[17.00]]>
              </value>
            </param>
            <param index="3">
              <value>
                <![CDATA[20.00]]>
              </value>
            </param>
            <param index="4">
              <value>
                <![CDATA[34298]]>
              </value>
            </param>
          </params>
          <reporter-output>
          </reporter-output>
        </test-method> <!-- getmodelList200 -->
        <test-method signature="getmodelList200(java.lang.String,java.lang.String,java.lang.String,java.lang.String,java.lang.String)[pri:0, instance:testCases.AsiPriceTest@4c583ecf]" started-at="2023-11-07T15:07:38 IST" name="getmodelList200" data-provider="asiData" finished-at="2023-11-07T15:07:39 IST" depends-on-methods="testCases.AsiPriceTest.getAsidetails" duration-ms="1530" status="PASS">
          <params>
            <param index="0">
              <value>
                <![CDATA[FABRICDOOR]]>
              </value>
            </param>
            <param index="1">
              <value>
                <![CDATA[615L]]>
              </value>
            </param>
            <param index="2">
              <value>
                <![CDATA[18.00]]>
              </value>
            </param>
            <param index="3">
              <value>
                <![CDATA[20.00]]>
              </value>
            </param>
            <param index="4">
              <value>
                <![CDATA[35035]]>
              </value>
            </param>
          </params>
          <reporter-output>
          </reporter-output>
        </test-method> <!-- getmodelList200 -->
        <test-method signature="getmodelList200(java.lang.String,java.lang.String,java.lang.String,java.lang.String,java.lang.String)[pri:0, instance:testCases.AsiPriceTest@4c583ecf]" started-at="2023-11-07T15:07:39 IST" name="getmodelList200" data-provider="asiData" finished-at="2023-11-07T15:07:41 IST" depends-on-methods="testCases.AsiPriceTest.getAsidetails" duration-ms="1505" status="PASS">
          <params>
            <param index="0">
              <value>
                <![CDATA[FABRICDOOR]]>
              </value>
            </param>
            <param index="1">
              <value>
                <![CDATA[615L]]>
              </value>
            </param>
            <param index="2">
              <value>
                <![CDATA[7.00]]>
              </value>
            </param>
            <param index="3">
              <value>
                <![CDATA[21.00]]>
              </value>
            </param>
            <param index="4">
              <value>
                <![CDATA[27795]]>
              </value>
            </param>
          </params>
          <reporter-output>
          </reporter-output>
        </test-method> <!-- getmodelList200 -->
        <test-method signature="getmodelList200(java.lang.String,java.lang.String,java.lang.String,java.lang.String,java.lang.String)[pri:0, instance:testCases.AsiPriceTest@4c583ecf]" started-at="2023-11-07T15:07:41 IST" name="getmodelList200" data-provider="asiData" finished-at="2023-11-07T15:07:42 IST" depends-on-methods="testCases.AsiPriceTest.getAsidetails" duration-ms="1460" status="PASS">
          <params>
            <param index="0">
              <value>
                <![CDATA[FABRICDOOR]]>
              </value>
            </param>
            <param index="1">
              <value>
                <![CDATA[615L]]>
              </value>
            </param>
            <param index="2">
              <value>
                <![CDATA[8.00]]>
              </value>
            </param>
            <param index="3">
              <value>
                <![CDATA[21.00]]>
              </value>
            </param>
            <param index="4">
              <value>
                <![CDATA[28535]]>
              </value>
            </param>
          </params>
          <reporter-output>
          </reporter-output>
        </test-method> <!-- getmodelList200 -->
        <test-method signature="getmodelList200(java.lang.String,java.lang.String,java.lang.String,java.lang.String,java.lang.String)[pri:0, instance:testCases.AsiPriceTest@4c583ecf]" started-at="2023-11-07T15:07:42 IST" name="getmodelList200" data-provider="asiData" finished-at="2023-11-07T15:07:44 IST" depends-on-methods="testCases.AsiPriceTest.getAsidetails" duration-ms="1560" status="PASS">
          <params>
            <param index="0">
              <value>
                <![CDATA[FABRICDOOR]]>
              </value>
            </param>
            <param index="1">
              <value>
                <![CDATA[615L]]>
              </value>
            </param>
            <param index="2">
              <value>
                <![CDATA[9.00]]>
              </value>
            </param>
            <param index="3">
              <value>
                <![CDATA[21.00]]>
              </value>
            </param>
            <param index="4">
              <value>
                <![CDATA[29275]]>
              </value>
            </param>
          </params>
          <reporter-output>
          </reporter-output>
        </test-method> <!-- getmodelList200 -->
        <test-method signature="getmodelList200(java.lang.String,java.lang.String,java.lang.String,java.lang.String,java.lang.String)[pri:0, instance:testCases.AsiPriceTest@4c583ecf]" started-at="2023-11-07T15:07:44 IST" name="getmodelList200" data-provider="asiData" finished-at="2023-11-07T15:07:45 IST" depends-on-methods="testCases.AsiPriceTest.getAsidetails" duration-ms="1537" status="PASS">
          <params>
            <param index="0">
              <value>
                <![CDATA[FABRICDOOR]]>
              </value>
            </param>
            <param index="1">
              <value>
                <![CDATA[615L]]>
              </value>
            </param>
            <param index="2">
              <value>
                <![CDATA[10.00]]>
              </value>
            </param>
            <param index="3">
              <value>
                <![CDATA[21.00]]>
              </value>
            </param>
            <param index="4">
              <value>
                <![CDATA[30015]]>
              </value>
            </param>
          </params>
          <reporter-output>
          </reporter-output>
        </test-method> <!-- getmodelList200 -->
        <test-method signature="getmodelList200(java.lang.String,java.lang.String,java.lang.String,java.lang.String,java.lang.String)[pri:0, instance:testCases.AsiPriceTest@4c583ecf]" started-at="2023-11-07T15:07:45 IST" name="getmodelList200" data-provider="asiData" finished-at="2023-11-07T15:07:47 IST" depends-on-methods="testCases.AsiPriceTest.getAsidetails" duration-ms="1501" status="PASS">
          <params>
            <param index="0">
              <value>
                <![CDATA[FABRICDOOR]]>
              </value>
            </param>
            <param index="1">
              <value>
                <![CDATA[615L]]>
              </value>
            </param>
            <param index="2">
              <value>
                <![CDATA[11.00]]>
              </value>
            </param>
            <param index="3">
              <value>
                <![CDATA[21.00]]>
              </value>
            </param>
            <param index="4">
              <value>
                <![CDATA[30755]]>
              </value>
            </param>
          </params>
          <reporter-output>
          </reporter-output>
        </test-method> <!-- getmodelList200 -->
        <test-method signature="getmodelList200(java.lang.String,java.lang.String,java.lang.String,java.lang.String,java.lang.String)[pri:0, instance:testCases.AsiPriceTest@4c583ecf]" started-at="2023-11-07T15:07:47 IST" name="getmodelList200" data-provider="asiData" finished-at="2023-11-07T15:07:48 IST" depends-on-methods="testCases.AsiPriceTest.getAsidetails" duration-ms="1482" status="PASS">
          <params>
            <param index="0">
              <value>
                <![CDATA[FABRICDOOR]]>
              </value>
            </param>
            <param index="1">
              <value>
                <![CDATA[615L]]>
              </value>
            </param>
            <param index="2">
              <value>
                <![CDATA[12.00]]>
              </value>
            </param>
            <param index="3">
              <value>
                <![CDATA[21.00]]>
              </value>
            </param>
            <param index="4">
              <value>
                <![CDATA[31495]]>
              </value>
            </param>
          </params>
          <reporter-output>
          </reporter-output>
        </test-method> <!-- getmodelList200 -->
        <test-method signature="getmodelList200(java.lang.String,java.lang.String,java.lang.String,java.lang.String,java.lang.String)[pri:0, instance:testCases.AsiPriceTest@4c583ecf]" started-at="2023-11-07T15:07:48 IST" name="getmodelList200" data-provider="asiData" finished-at="2023-11-07T15:07:50 IST" depends-on-methods="testCases.AsiPriceTest.getAsidetails" duration-ms="1547" status="PASS">
          <params>
            <param index="0">
              <value>
                <![CDATA[FABRICDOOR]]>
              </value>
            </param>
            <param index="1">
              <value>
                <![CDATA[615L]]>
              </value>
            </param>
            <param index="2">
              <value>
                <![CDATA[13.00]]>
              </value>
            </param>
            <param index="3">
              <value>
                <![CDATA[21.00]]>
              </value>
            </param>
            <param index="4">
              <value>
                <![CDATA[32235]]>
              </value>
            </param>
          </params>
          <reporter-output>
          </reporter-output>
        </test-method> <!-- getmodelList200 -->
        <test-method signature="getmodelList200(java.lang.String,java.lang.String,java.lang.String,java.lang.String,java.lang.String)[pri:0, instance:testCases.AsiPriceTest@4c583ecf]" started-at="2023-11-07T15:07:50 IST" name="getmodelList200" data-provider="asiData" finished-at="2023-11-07T15:07:51 IST" depends-on-methods="testCases.AsiPriceTest.getAsidetails" duration-ms="1530" status="PASS">
          <params>
            <param index="0">
              <value>
                <![CDATA[FABRICDOOR]]>
              </value>
            </param>
            <param index="1">
              <value>
                <![CDATA[615L]]>
              </value>
            </param>
            <param index="2">
              <value>
                <![CDATA[14.00]]>
              </value>
            </param>
            <param index="3">
              <value>
                <![CDATA[21.00]]>
              </value>
            </param>
            <param index="4">
              <value>
                <![CDATA[32975]]>
              </value>
            </param>
          </params>
          <reporter-output>
          </reporter-output>
        </test-method> <!-- getmodelList200 -->
        <test-method signature="getmodelList200(java.lang.String,java.lang.String,java.lang.String,java.lang.String,java.lang.String)[pri:0, instance:testCases.AsiPriceTest@4c583ecf]" started-at="2023-11-07T15:07:51 IST" name="getmodelList200" data-provider="asiData" finished-at="2023-11-07T15:07:53 IST" depends-on-methods="testCases.AsiPriceTest.getAsidetails" duration-ms="1516" status="PASS">
          <params>
            <param index="0">
              <value>
                <![CDATA[FABRICDOOR]]>
              </value>
            </param>
            <param index="1">
              <value>
                <![CDATA[615L]]>
              </value>
            </param>
            <param index="2">
              <value>
                <![CDATA[15.00]]>
              </value>
            </param>
            <param index="3">
              <value>
                <![CDATA[21.00]]>
              </value>
            </param>
            <param index="4">
              <value>
                <![CDATA[33715]]>
              </value>
            </param>
          </params>
          <reporter-output>
          </reporter-output>
        </test-method> <!-- getmodelList200 -->
        <test-method signature="getmodelList200(java.lang.String,java.lang.String,java.lang.String,java.lang.String,java.lang.String)[pri:0, instance:testCases.AsiPriceTest@4c583ecf]" started-at="2023-11-07T15:07:53 IST" name="getmodelList200" data-provider="asiData" finished-at="2023-11-07T15:07:54 IST" depends-on-methods="testCases.AsiPriceTest.getAsidetails" duration-ms="1534" status="PASS">
          <params>
            <param index="0">
              <value>
                <![CDATA[FABRICDOOR]]>
              </value>
            </param>
            <param index="1">
              <value>
                <![CDATA[615L]]>
              </value>
            </param>
            <param index="2">
              <value>
                <![CDATA[16.00]]>
              </value>
            </param>
            <param index="3">
              <value>
                <![CDATA[21.00]]>
              </value>
            </param>
            <param index="4">
              <value>
                <![CDATA[34455]]>
              </value>
            </param>
          </params>
          <reporter-output>
          </reporter-output>
        </test-method> <!-- getmodelList200 -->
        <test-method signature="getmodelList200(java.lang.String,java.lang.String,java.lang.String,java.lang.String,java.lang.String)[pri:0, instance:testCases.AsiPriceTest@4c583ecf]" started-at="2023-11-07T15:07:54 IST" name="getmodelList200" data-provider="asiData" finished-at="2023-11-07T15:07:56 IST" depends-on-methods="testCases.AsiPriceTest.getAsidetails" duration-ms="1530" status="PASS">
          <params>
            <param index="0">
              <value>
                <![CDATA[FABRICDOOR]]>
              </value>
            </param>
            <param index="1">
              <value>
                <![CDATA[615L]]>
              </value>
            </param>
            <param index="2">
              <value>
                <![CDATA[17.00]]>
              </value>
            </param>
            <param index="3">
              <value>
                <![CDATA[21.00]]>
              </value>
            </param>
            <param index="4">
              <value>
                <![CDATA[35195]]>
              </value>
            </param>
          </params>
          <reporter-output>
          </reporter-output>
        </test-method> <!-- getmodelList200 -->
        <test-method signature="getmodelList200(java.lang.String,java.lang.String,java.lang.String,java.lang.String,java.lang.String)[pri:0, instance:testCases.AsiPriceTest@4c583ecf]" started-at="2023-11-07T15:07:56 IST" name="getmodelList200" data-provider="asiData" finished-at="2023-11-07T15:07:57 IST" depends-on-methods="testCases.AsiPriceTest.getAsidetails" duration-ms="1545" status="PASS">
          <params>
            <param index="0">
              <value>
                <![CDATA[FABRICDOOR]]>
              </value>
            </param>
            <param index="1">
              <value>
                <![CDATA[615L]]>
              </value>
            </param>
            <param index="2">
              <value>
                <![CDATA[18.00]]>
              </value>
            </param>
            <param index="3">
              <value>
                <![CDATA[21.00]]>
              </value>
            </param>
            <param index="4">
              <value>
                <![CDATA[35935]]>
              </value>
            </param>
          </params>
          <reporter-output>
          </reporter-output>
        </test-method> <!-- getmodelList200 -->
        <test-method signature="getmodelList200(java.lang.String,java.lang.String,java.lang.String,java.lang.String,java.lang.String)[pri:0, instance:testCases.AsiPriceTest@4c583ecf]" started-at="2023-11-07T15:07:57 IST" name="getmodelList200" data-provider="asiData" finished-at="2023-11-07T15:07:59 IST" depends-on-methods="testCases.AsiPriceTest.getAsidetails" duration-ms="1568" status="PASS">
          <params>
            <param index="0">
              <value>
                <![CDATA[FABRICDOOR]]>
              </value>
            </param>
            <param index="1">
              <value>
                <![CDATA[615L]]>
              </value>
            </param>
            <param index="2">
              <value>
                <![CDATA[7.00]]>
              </value>
            </param>
            <param index="3">
              <value>
                <![CDATA[22.00]]>
              </value>
            </param>
            <param index="4">
              <value>
                <![CDATA[28661]]>
              </value>
            </param>
          </params>
          <reporter-output>
          </reporter-output>
        </test-method> <!-- getmodelList200 -->
        <test-method signature="getmodelList200(java.lang.String,java.lang.String,java.lang.String,java.lang.String,java.lang.String)[pri:0, instance:testCases.AsiPriceTest@4c583ecf]" started-at="2023-11-07T15:07:59 IST" name="getmodelList200" data-provider="asiData" finished-at="2023-11-07T15:08:00 IST" depends-on-methods="testCases.AsiPriceTest.getAsidetails" duration-ms="1549" status="PASS">
          <params>
            <param index="0">
              <value>
                <![CDATA[FABRICDOOR]]>
              </value>
            </param>
            <param index="1">
              <value>
                <![CDATA[615L]]>
              </value>
            </param>
            <param index="2">
              <value>
                <![CDATA[8.00]]>
              </value>
            </param>
            <param index="3">
              <value>
                <![CDATA[22.00]]>
              </value>
            </param>
            <param index="4">
              <value>
                <![CDATA[29404]]>
              </value>
            </param>
          </params>
          <reporter-output>
          </reporter-output>
        </test-method> <!-- getmodelList200 -->
        <test-method signature="getmodelList200(java.lang.String,java.lang.String,java.lang.String,java.lang.String,java.lang.String)[pri:0, instance:testCases.AsiPriceTest@4c583ecf]" started-at="2023-11-07T15:08:00 IST" name="getmodelList200" data-provider="asiData" finished-at="2023-11-07T15:08:02 IST" depends-on-methods="testCases.AsiPriceTest.getAsidetails" duration-ms="1538" status="PASS">
          <params>
            <param index="0">
              <value>
                <![CDATA[FABRICDOOR]]>
              </value>
            </param>
            <param index="1">
              <value>
                <![CDATA[615L]]>
              </value>
            </param>
            <param index="2">
              <value>
                <![CDATA[9.00]]>
              </value>
            </param>
            <param index="3">
              <value>
                <![CDATA[22.00]]>
              </value>
            </param>
            <param index="4">
              <value>
                <![CDATA[30147]]>
              </value>
            </param>
          </params>
          <reporter-output>
          </reporter-output>
        </test-method> <!-- getmodelList200 -->
        <test-method signature="getmodelList200(java.lang.String,java.lang.String,java.lang.String,java.lang.String,java.lang.String)[pri:0, instance:testCases.AsiPriceTest@4c583ecf]" started-at="2023-11-07T15:08:02 IST" name="getmodelList200" data-provider="asiData" finished-at="2023-11-07T15:08:03 IST" depends-on-methods="testCases.AsiPriceTest.getAsidetails" duration-ms="1513" status="PASS">
          <params>
            <param index="0">
              <value>
                <![CDATA[FABRICDOOR]]>
              </value>
            </param>
            <param index="1">
              <value>
                <![CDATA[615L]]>
              </value>
            </param>
            <param index="2">
              <value>
                <![CDATA[10.00]]>
              </value>
            </param>
            <param index="3">
              <value>
                <![CDATA[22.00]]>
              </value>
            </param>
            <param index="4">
              <value>
                <![CDATA[30890]]>
              </value>
            </param>
          </params>
          <reporter-output>
          </reporter-output>
        </test-method> <!-- getmodelList200 -->
        <test-method signature="getmodelList200(java.lang.String,java.lang.String,java.lang.String,java.lang.String,java.lang.String)[pri:0, instance:testCases.AsiPriceTest@4c583ecf]" started-at="2023-11-07T15:08:03 IST" name="getmodelList200" data-provider="asiData" finished-at="2023-11-07T15:08:05 IST" depends-on-methods="testCases.AsiPriceTest.getAsidetails" duration-ms="1550" status="PASS">
          <params>
            <param index="0">
              <value>
                <![CDATA[FABRICDOOR]]>
              </value>
            </param>
            <param index="1">
              <value>
                <![CDATA[615L]]>
              </value>
            </param>
            <param index="2">
              <value>
                <![CDATA[11.00]]>
              </value>
            </param>
            <param index="3">
              <value>
                <![CDATA[22.00]]>
              </value>
            </param>
            <param index="4">
              <value>
                <![CDATA[31633]]>
              </value>
            </param>
          </params>
          <reporter-output>
          </reporter-output>
        </test-method> <!-- getmodelList200 -->
        <test-method signature="getmodelList200(java.lang.String,java.lang.String,java.lang.String,java.lang.String,java.lang.String)[pri:0, instance:testCases.AsiPriceTest@4c583ecf]" started-at="2023-11-07T15:08:05 IST" name="getmodelList200" data-provider="asiData" finished-at="2023-11-07T15:08:07 IST" depends-on-methods="testCases.AsiPriceTest.getAsidetails" duration-ms="1483" status="PASS">
          <params>
            <param index="0">
              <value>
                <![CDATA[FABRICDOOR]]>
              </value>
            </param>
            <param index="1">
              <value>
                <![CDATA[615L]]>
              </value>
            </param>
            <param index="2">
              <value>
                <![CDATA[12.00]]>
              </value>
            </param>
            <param index="3">
              <value>
                <![CDATA[22.00]]>
              </value>
            </param>
            <param index="4">
              <value>
                <![CDATA[32377]]>
              </value>
            </param>
          </params>
          <reporter-output>
          </reporter-output>
        </test-method> <!-- getmodelList200 -->
        <test-method signature="getmodelList200(java.lang.String,java.lang.String,java.lang.String,java.lang.String,java.lang.String)[pri:0, instance:testCases.AsiPriceTest@4c583ecf]" started-at="2023-11-07T15:08:07 IST" name="getmodelList200" data-provider="asiData" finished-at="2023-11-07T15:08:08 IST" depends-on-methods="testCases.AsiPriceTest.getAsidetails" duration-ms="1483" status="PASS">
          <params>
            <param index="0">
              <value>
                <![CDATA[FABRICDOOR]]>
              </value>
            </param>
            <param index="1">
              <value>
                <![CDATA[615L]]>
              </value>
            </param>
            <param index="2">
              <value>
                <![CDATA[13.00]]>
              </value>
            </param>
            <param index="3">
              <value>
                <![CDATA[22.00]]>
              </value>
            </param>
            <param index="4">
              <value>
                <![CDATA[33120]]>
              </value>
            </param>
          </params>
          <reporter-output>
          </reporter-output>
        </test-method> <!-- getmodelList200 -->
        <test-method signature="getmodelList200(java.lang.String,java.lang.String,java.lang.String,java.lang.String,java.lang.String)[pri:0, instance:testCases.AsiPriceTest@4c583ecf]" started-at="2023-11-07T15:08:08 IST" name="getmodelList200" data-provider="asiData" finished-at="2023-11-07T15:08:10 IST" depends-on-methods="testCases.AsiPriceTest.getAsidetails" duration-ms="1644" status="PASS">
          <params>
            <param index="0">
              <value>
                <![CDATA[FABRICDOOR]]>
              </value>
            </param>
            <param index="1">
              <value>
                <![CDATA[615L]]>
              </value>
            </param>
            <param index="2">
              <value>
                <![CDATA[14.00]]>
              </value>
            </param>
            <param index="3">
              <value>
                <![CDATA[22.00]]>
              </value>
            </param>
            <param index="4">
              <value>
                <![CDATA[33863]]>
              </value>
            </param>
          </params>
          <reporter-output>
          </reporter-output>
        </test-method> <!-- getmodelList200 -->
        <test-method signature="getmodelList200(java.lang.String,java.lang.String,java.lang.String,java.lang.String,java.lang.String)[pri:0, instance:testCases.AsiPriceTest@4c583ecf]" started-at="2023-11-07T15:08:10 IST" name="getmodelList200" data-provider="asiData" finished-at="2023-11-07T15:08:11 IST" depends-on-methods="testCases.AsiPriceTest.getAsidetails" duration-ms="1486" status="PASS">
          <params>
            <param index="0">
              <value>
                <![CDATA[FABRICDOOR]]>
              </value>
            </param>
            <param index="1">
              <value>
                <![CDATA[615L]]>
              </value>
            </param>
            <param index="2">
              <value>
                <![CDATA[15.00]]>
              </value>
            </param>
            <param index="3">
              <value>
                <![CDATA[22.00]]>
              </value>
            </param>
            <param index="4">
              <value>
                <![CDATA[34606]]>
              </value>
            </param>
          </params>
          <reporter-output>
          </reporter-output>
        </test-method> <!-- getmodelList200 -->
        <test-method signature="getmodelList200(java.lang.String,java.lang.String,java.lang.String,java.lang.String,java.lang.String)[pri:0, instance:testCases.AsiPriceTest@4c583ecf]" started-at="2023-11-07T15:08:11 IST" name="getmodelList200" data-provider="asiData" finished-at="2023-11-07T15:08:13 IST" depends-on-methods="testCases.AsiPriceTest.getAsidetails" duration-ms="1563" status="PASS">
          <params>
            <param index="0">
              <value>
                <![CDATA[FABRICDOOR]]>
              </value>
            </param>
            <param index="1">
              <value>
                <![CDATA[615L]]>
              </value>
            </param>
            <param index="2">
              <value>
                <![CDATA[16.00]]>
              </value>
            </param>
            <param index="3">
              <value>
                <![CDATA[22.00]]>
              </value>
            </param>
            <param index="4">
              <value>
                <![CDATA[35349]]>
              </value>
            </param>
          </params>
          <reporter-output>
          </reporter-output>
        </test-method> <!-- getmodelList200 -->
        <test-method signature="getmodelList200(java.lang.String,java.lang.String,java.lang.String,java.lang.String,java.lang.String)[pri:0, instance:testCases.AsiPriceTest@4c583ecf]" started-at="2023-11-07T15:08:13 IST" name="getmodelList200" data-provider="asiData" finished-at="2023-11-07T15:08:14 IST" depends-on-methods="testCases.AsiPriceTest.getAsidetails" duration-ms="1586" status="PASS">
          <params>
            <param index="0">
              <value>
                <![CDATA[FABRICDOOR]]>
              </value>
            </param>
            <param index="1">
              <value>
                <![CDATA[615L]]>
              </value>
            </param>
            <param index="2">
              <value>
                <![CDATA[17.00]]>
              </value>
            </param>
            <param index="3">
              <value>
                <![CDATA[22.00]]>
              </value>
            </param>
            <param index="4">
              <value>
                <![CDATA[36092]]>
              </value>
            </param>
          </params>
          <reporter-output>
          </reporter-output>
        </test-method> <!-- getmodelList200 -->
        <test-method signature="getmodelList200(java.lang.String,java.lang.String,java.lang.String,java.lang.String,java.lang.String)[pri:0, instance:testCases.AsiPriceTest@4c583ecf]" started-at="2023-11-07T15:08:14 IST" name="getmodelList200" data-provider="asiData" finished-at="2023-11-07T15:08:16 IST" depends-on-methods="testCases.AsiPriceTest.getAsidetails" duration-ms="1486" status="PASS">
          <params>
            <param index="0">
              <value>
                <![CDATA[FABRICDOOR]]>
              </value>
            </param>
            <param index="1">
              <value>
                <![CDATA[615L]]>
              </value>
            </param>
            <param index="2">
              <value>
                <![CDATA[18.00]]>
              </value>
            </param>
            <param index="3">
              <value>
                <![CDATA[22.00]]>
              </value>
            </param>
            <param index="4">
              <value>
                <![CDATA[36836]]>
              </value>
            </param>
          </params>
          <reporter-output>
          </reporter-output>
        </test-method> <!-- getmodelList200 -->
        <test-method signature="getmodelList200(java.lang.String,java.lang.String,java.lang.String,java.lang.String,java.lang.String)[pri:0, instance:testCases.AsiPriceTest@4c583ecf]" started-at="2023-11-07T15:08:16 IST" name="getmodelList200" data-provider="asiData" finished-at="2023-11-07T15:08:17 IST" depends-on-methods="testCases.AsiPriceTest.getAsidetails" duration-ms="1478" status="PASS">
          <params>
            <param index="0">
              <value>
                <![CDATA[FABRICDOOR]]>
              </value>
            </param>
            <param index="1">
              <value>
                <![CDATA[615L]]>
              </value>
            </param>
            <param index="2">
              <value>
                <![CDATA[7.00]]>
              </value>
            </param>
            <param index="3">
              <value>
                <![CDATA[23.00]]>
              </value>
            </param>
            <param index="4">
              <value>
                <![CDATA[29527]]>
              </value>
            </param>
          </params>
          <reporter-output>
          </reporter-output>
        </test-method> <!-- getmodelList200 -->
        <test-method signature="getmodelList200(java.lang.String,java.lang.String,java.lang.String,java.lang.String,java.lang.String)[pri:0, instance:testCases.AsiPriceTest@4c583ecf]" started-at="2023-11-07T15:08:17 IST" name="getmodelList200" data-provider="asiData" finished-at="2023-11-07T15:08:19 IST" depends-on-methods="testCases.AsiPriceTest.getAsidetails" duration-ms="1509" status="PASS">
          <params>
            <param index="0">
              <value>
                <![CDATA[FABRICDOOR]]>
              </value>
            </param>
            <param index="1">
              <value>
                <![CDATA[615L]]>
              </value>
            </param>
            <param index="2">
              <value>
                <![CDATA[8.00]]>
              </value>
            </param>
            <param index="3">
              <value>
                <![CDATA[23.00]]>
              </value>
            </param>
            <param index="4">
              <value>
                <![CDATA[30273]]>
              </value>
            </param>
          </params>
          <reporter-output>
          </reporter-output>
        </test-method> <!-- getmodelList200 -->
        <test-method signature="getmodelList200(java.lang.String,java.lang.String,java.lang.String,java.lang.String,java.lang.String)[pri:0, instance:testCases.AsiPriceTest@4c583ecf]" started-at="2023-11-07T15:08:19 IST" name="getmodelList200" data-provider="asiData" finished-at="2023-11-07T15:08:20 IST" depends-on-methods="testCases.AsiPriceTest.getAsidetails" duration-ms="1460" status="PASS">
          <params>
            <param index="0">
              <value>
                <![CDATA[FABRICDOOR]]>
              </value>
            </param>
            <param index="1">
              <value>
                <![CDATA[615L]]>
              </value>
            </param>
            <param index="2">
              <value>
                <![CDATA[9.00]]>
              </value>
            </param>
            <param index="3">
              <value>
                <![CDATA[23.00]]>
              </value>
            </param>
            <param index="4">
              <value>
                <![CDATA[31019]]>
              </value>
            </param>
          </params>
          <reporter-output>
          </reporter-output>
        </test-method> <!-- getmodelList200 -->
        <test-method signature="getmodelList200(java.lang.String,java.lang.String,java.lang.String,java.lang.String,java.lang.String)[pri:0, instance:testCases.AsiPriceTest@4c583ecf]" started-at="2023-11-07T15:08:20 IST" name="getmodelList200" data-provider="asiData" finished-at="2023-11-07T15:08:22 IST" depends-on-methods="testCases.AsiPriceTest.getAsidetails" duration-ms="1474" status="PASS">
          <params>
            <param index="0">
              <value>
                <![CDATA[FABRICDOOR]]>
              </value>
            </param>
            <param index="1">
              <value>
                <![CDATA[615L]]>
              </value>
            </param>
            <param index="2">
              <value>
                <![CDATA[10.00]]>
              </value>
            </param>
            <param index="3">
              <value>
                <![CDATA[23.00]]>
              </value>
            </param>
            <param index="4">
              <value>
                <![CDATA[31765]]>
              </value>
            </param>
          </params>
          <reporter-output>
          </reporter-output>
        </test-method> <!-- getmodelList200 -->
        <test-method signature="getmodelList200(java.lang.String,java.lang.String,java.lang.String,java.lang.String,java.lang.String)[pri:0, instance:testCases.AsiPriceTest@4c583ecf]" started-at="2023-11-07T15:08:22 IST" name="getmodelList200" data-provider="asiData" finished-at="2023-11-07T15:08:23 IST" depends-on-methods="testCases.AsiPriceTest.getAsidetails" duration-ms="1494" status="PASS">
          <params>
            <param index="0">
              <value>
                <![CDATA[FABRICDOOR]]>
              </value>
            </param>
            <param index="1">
              <value>
                <![CDATA[615L]]>
              </value>
            </param>
            <param index="2">
              <value>
                <![CDATA[11.00]]>
              </value>
            </param>
            <param index="3">
              <value>
                <![CDATA[23.00]]>
              </value>
            </param>
            <param index="4">
              <value>
                <![CDATA[32512]]>
              </value>
            </param>
          </params>
          <reporter-output>
          </reporter-output>
        </test-method> <!-- getmodelList200 -->
[...]
            <param index="3">
              <value>
                <![CDATA[38.00]]>
              </value>
            </param>
            <param index="4">
              <value>
                <![CDATA[33191]]>
              </value>
            </param>
          </params>
          <reporter-output>
          </reporter-output>
        </test-method> <!-- getmodelList200 -->
        <test-method signature="getmodelList200(java.lang.String,java.lang.String,java.lang.String,java.lang.String,java.lang.String)[pri:0, instance:testCases.AsiPriceTest@4c583ecf]" started-at="2023-11-07T15:13:26 IST" name="getmodelList200" data-provider="asiData" finished-at="2023-11-07T15:13:28 IST" depends-on-methods="testCases.AsiPriceTest.getAsidetails" duration-ms="1700" status="PASS">
          <params>
            <param index="0">
              <value>
                <![CDATA[FABRICDOOR]]>
              </value>
            </param>
            <param index="1">
              <value>
                <![CDATA[615L]]>
              </value>
            </param>
            <param index="2">
              <value>
                <![CDATA[15.00]]>
              </value>
            </param>
            <param index="3">
              <value>
                <![CDATA[38.00]]>
              </value>
            </param>
            <param index="4">
              <value>
                <![CDATA[33754]]>
              </value>
            </param>
          </params>
          <reporter-output>
          </reporter-output>
        </test-method> <!-- getmodelList200 -->
        <test-method signature="getmodelList200(java.lang.String,java.lang.String,java.lang.String,java.lang.String,java.lang.String)[pri:0, instance:testCases.AsiPriceTest@4c583ecf]" started-at="2023-11-07T15:13:28 IST" name="getmodelList200" data-provider="asiData" finished-at="2023-11-07T15:13:29 IST" depends-on-methods="testCases.AsiPriceTest.getAsidetails" duration-ms="1688" status="PASS">
          <params>
            <param index="0">
              <value>
                <![CDATA[FABRICDOOR]]>
              </value>
            </param>
            <param index="1">
              <value>
                <![CDATA[615L]]>
              </value>
            </param>
            <param index="2">
              <value>
                <![CDATA[16.00]]>
              </value>
            </param>
            <param index="3">
              <value>
                <![CDATA[38.00]]>
              </value>
            </param>
            <param index="4">
              <value>
                <![CDATA[34316]]>
              </value>
            </param>
          </params>
          <reporter-output>
          </reporter-output>
        </test-method> <!-- getmodelList200 -->
        <test-method signature="getmodelList200(java.lang.String,java.lang.String,java.lang.String,java.lang.String,java.lang.String)[pri:0, instance:testCases.AsiPriceTest@4c583ecf]" started-at="2023-11-07T15:13:29 IST" name="getmodelList200" data-provider="asiData" finished-at="2023-11-07T15:13:31 IST" depends-on-methods="testCases.AsiPriceTest.getAsidetails" duration-ms="1707" status="PASS">
          <params>
            <param index="0">
              <value>
                <![CDATA[FABRICDOOR]]>
              </value>
            </param>
            <param index="1">
              <value>
                <![CDATA[615L]]>
              </value>
            </param>
            <param index="2">
              <value>
                <![CDATA[17.00]]>
              </value>
            </param>
            <param index="3">
              <value>
                <![CDATA[38.00]]>
              </value>
            </param>
            <param index="4">
              <value>
                <![CDATA[34879]]>
              </value>
            </param>
          </params>
          <reporter-output>
          </reporter-output>
        </test-method> <!-- getmodelList200 -->
        <test-method signature="getmodelList200(java.lang.String,java.lang.String,java.lang.String,java.lang.String,java.lang.String)[pri:0, instance:testCases.AsiPriceTest@4c583ecf]" started-at="2023-11-07T15:13:31 IST" name="getmodelList200" data-provider="asiData" finished-at="2023-11-07T15:13:33 IST" depends-on-methods="testCases.AsiPriceTest.getAsidetails" duration-ms="1792" status="PASS">
          <params>
            <param index="0">
              <value>
                <![CDATA[FABRICDOOR]]>
              </value>
            </param>
            <param index="1">
              <value>
                <![CDATA[615L]]>
              </value>
            </param>
            <param index="2">
              <value>
                <![CDATA[18.00]]>
              </value>
            </param>
            <param index="3">
              <value>
                <![CDATA[38.00]]>
              </value>
            </param>
            <param index="4">
              <value>
                <![CDATA[35441]]>
              </value>
            </param>
          </params>
          <reporter-output>
          </reporter-output>
        </test-method> <!-- getmodelList200 -->
        <test-method signature="getmodelList200(java.lang.String,java.lang.String,java.lang.String,java.lang.String,java.lang.String)[pri:0, instance:testCases.AsiPriceTest@4c583ecf]" started-at="2023-11-07T15:13:33 IST" name="getmodelList200" data-provider="asiData" finished-at="2023-11-07T15:13:34 IST" depends-on-methods="testCases.AsiPriceTest.getAsidetails" duration-ms="1701" status="PASS">
          <params>
            <param index="0">
              <value>
                <![CDATA[FABRICDOOR]]>
              </value>
            </param>
            <param index="1">
              <value>
                <![CDATA[615L]]>
              </value>
            </param>
            <param index="2">
              <value>
                <![CDATA[7.00]]>
              </value>
            </param>
            <param index="3">
              <value>
                <![CDATA[39.00]]>
              </value>
            </param>
            <param index="4">
              <value>
                <![CDATA[43381]]>
              </value>
            </param>
          </params>
          <reporter-output>
          </reporter-output>
        </test-method> <!-- getmodelList200 -->
        <test-method signature="getmodelList200(java.lang.String,java.lang.String,java.lang.String,java.lang.String,java.lang.String)[pri:0, instance:testCases.AsiPriceTest@4c583ecf]" started-at="2023-11-07T15:13:34 IST" name="getmodelList200" data-provider="asiData" finished-at="2023-11-07T15:13:36 IST" depends-on-methods="testCases.AsiPriceTest.getAsidetails" duration-ms="1543" status="PASS">
          <params>
            <param index="0">
              <value>
                <![CDATA[FABRICDOOR]]>
              </value>
            </param>
            <param index="1">
              <value>
                <![CDATA[615L]]>
              </value>
            </param>
            <param index="2">
              <value>
                <![CDATA[8.00]]>
              </value>
            </param>
            <param index="3">
              <value>
                <![CDATA[39.00]]>
              </value>
            </param>
            <param index="4">
              <value>
                <![CDATA[44177]]>
              </value>
            </param>
          </params>
          <reporter-output>
          </reporter-output>
        </test-method> <!-- getmodelList200 -->
        <test-method signature="getmodelList200(java.lang.String,java.lang.String,java.lang.String,java.lang.String,java.lang.String)[pri:0, instance:testCases.AsiPriceTest@4c583ecf]" started-at="2023-11-07T15:13:36 IST" name="getmodelList200" data-provider="asiData" finished-at="2023-11-07T15:13:38 IST" depends-on-methods="testCases.AsiPriceTest.getAsidetails" duration-ms="1488" status="PASS">
          <params>
            <param index="0">
              <value>
                <![CDATA[FABRICDOOR]]>
              </value>
            </param>
            <param index="1">
              <value>
                <![CDATA[615L]]>
              </value>
            </param>
            <param index="2">
              <value>
                <![CDATA[9.00]]>
              </value>
            </param>
            <param index="3">
              <value>
                <![CDATA[39.00]]>
              </value>
            </param>
            <param index="4">
              <value>
                <![CDATA[44973]]>
              </value>
            </param>
          </params>
          <reporter-output>
          </reporter-output>
        </test-method> <!-- getmodelList200 -->
        <test-method signature="getmodelList200(java.lang.String,java.lang.String,java.lang.String,java.lang.String,java.lang.String)[pri:0, instance:testCases.AsiPriceTest@4c583ecf]" started-at="2023-11-07T15:13:38 IST" name="getmodelList200" data-provider="asiData" finished-at="2023-11-07T15:13:39 IST" depends-on-methods="testCases.AsiPriceTest.getAsidetails" duration-ms="1503" status="PASS">
          <params>
            <param index="0">
              <value>
                <![CDATA[FABRICDOOR]]>
              </value>
            </param>
            <param index="1">
              <value>
                <![CDATA[615L]]>
              </value>
            </param>
            <param index="2">
              <value>
                <![CDATA[10.00]]>
              </value>
            </param>
            <param index="3">
              <value>
                <![CDATA[39.00]]>
              </value>
            </param>
            <param index="4">
              <value>
                <![CDATA[45769]]>
              </value>
            </param>
          </params>
          <reporter-output>
          </reporter-output>
        </test-method> <!-- getmodelList200 -->
        <test-method signature="getmodelList200(java.lang.String,java.lang.String,java.lang.String,java.lang.String,java.lang.String)[pri:0, instance:testCases.AsiPriceTest@4c583ecf]" started-at="2023-11-07T15:13:39 IST" name="getmodelList200" data-provider="asiData" finished-at="2023-11-07T15:13:41 IST" depends-on-methods="testCases.AsiPriceTest.getAsidetails" duration-ms="1508" status="PASS">
          <params>
            <param index="0">
              <value>
                <![CDATA[FABRICDOOR]]>
              </value>
            </param>
            <param index="1">
              <value>
                <![CDATA[615L]]>
              </value>
            </param>
            <param index="2">
              <value>
                <![CDATA[11.00]]>
              </value>
            </param>
            <param index="3">
              <value>
                <![CDATA[39.00]]>
              </value>
            </param>
            <param index="4">
              <value>
                <![CDATA[46565]]>
              </value>
            </param>
          </params>
          <reporter-output>
          </reporter-output>
        </test-method> <!-- getmodelList200 -->
        <test-method signature="getmodelList200(java.lang.String,java.lang.String,java.lang.String,java.lang.String,java.lang.String)[pri:0, instance:testCases.AsiPriceTest@4c583ecf]" started-at="2023-11-07T15:13:41 IST" name="getmodelList200" data-provider="asiData" finished-at="2023-11-07T15:13:42 IST" depends-on-methods="testCases.AsiPriceTest.getAsidetails" duration-ms="1526" status="PASS">
          <params>
            <param index="0">
              <value>
                <![CDATA[FABRICDOOR]]>
              </value>
            </param>
            <param index="1">
              <value>
                <![CDATA[615L]]>
              </value>
            </param>
            <param index="2">
              <value>
                <![CDATA[12.00]]>
              </value>
            </param>
            <param index="3">
              <value>
                <![CDATA[39.00]]>
              </value>
            </param>
            <param index="4">
              <value>
                <![CDATA[47361]]>
              </value>
            </param>
          </params>
          <reporter-output>
          </reporter-output>
        </test-method> <!-- getmodelList200 -->
        <test-method signature="getmodelList200(java.lang.String,java.lang.String,java.lang.String,java.lang.String,java.lang.String)[pri:0, instance:testCases.AsiPriceTest@4c583ecf]" started-at="2023-11-07T15:13:42 IST" name="getmodelList200" data-provider="asiData" finished-at="2023-11-07T15:13:44 IST" depends-on-methods="testCases.AsiPriceTest.getAsidetails" duration-ms="1468" status="PASS">
          <params>
            <param index="0">
              <value>
                <![CDATA[FABRICDOOR]]>
              </value>
            </param>
            <param index="1">
              <value>
                <![CDATA[615L]]>
              </value>
            </param>
            <param index="2">
              <value>
                <![CDATA[13.00]]>
              </value>
            </param>
            <param index="3">
              <value>
                <![CDATA[39.00]]>
              </value>
            </param>
            <param index="4">
              <value>
                <![CDATA[48158]]>
              </value>
            </param>
          </params>
          <reporter-output>
          </reporter-output>
        </test-method> <!-- getmodelList200 -->
        <test-method signature="getmodelList200(java.lang.String,java.lang.String,java.lang.String,java.lang.String,java.lang.String)[pri:0, instance:testCases.AsiPriceTest@4c583ecf]" started-at="2023-11-07T15:13:44 IST" name="getmodelList200" data-provider="asiData" finished-at="2023-11-07T15:13:45 IST" depends-on-methods="testCases.AsiPriceTest.getAsidetails" duration-ms="1488" status="PASS">
          <params>
            <param index="0">
              <value>
                <![CDATA[FABRICDOOR]]>
              </value>
            </param>
            <param index="1">
              <value>
                <![CDATA[615L]]>
              </value>
            </param>
            <param index="2">
              <value>
                <![CDATA[14.00]]>
              </value>
            </param>
            <param index="3">
              <value>
                <![CDATA[39.00]]>
              </value>
            </param>
            <param index="4">
              <value>
                <![CDATA[48954]]>
              </value>
            </param>
          </params>
          <reporter-output>
          </reporter-output>
        </test-method> <!-- getmodelList200 -->
        <test-method signature="getmodelList200(java.lang.String,java.lang.String,java.lang.String,java.lang.String,java.lang.String)[pri:0, instance:testCases.AsiPriceTest@4c583ecf]" started-at="2023-11-07T15:13:45 IST" name="getmodelList200" data-provider="asiData" finished-at="2023-11-07T15:13:46 IST" depends-on-methods="testCases.AsiPriceTest.getAsidetails" duration-ms="1462" status="PASS">
          <params>
            <param index="0">
              <value>
                <![CDATA[FABRICDOOR]]>
              </value>
            </param>
            <param index="1">
              <value>
                <![CDATA[615L]]>
              </value>
            </param>
            <param index="2">
              <value>
                <![CDATA[15.00]]>
              </value>
            </param>
            <param index="3">
              <value>
                <![CDATA[39.00]]>
              </value>
            </param>
            <param index="4">
              <value>
                <![CDATA[49750]]>
              </value>
            </param>
          </params>
          <reporter-output>
          </reporter-output>
        </test-method> <!-- getmodelList200 -->
        <test-method signature="getmodelList200(java.lang.String,java.lang.String,java.lang.String,java.lang.String,java.lang.String)[pri:0, instance:testCases.AsiPriceTest@4c583ecf]" started-at="2023-11-07T15:13:46 IST" name="getmodelList200" data-provider="asiData" finished-at="2023-11-07T15:13:48 IST" depends-on-methods="testCases.AsiPriceTest.getAsidetails" duration-ms="1550" status="PASS">
          <params>
            <param index="0">
              <value>
                <![CDATA[FABRICDOOR]]>
              </value>
            </param>
            <param index="1">
              <value>
                <![CDATA[615L]]>
              </value>
            </param>
            <param index="2">
              <value>
                <![CDATA[16.00]]>
              </value>
            </param>
            <param index="3">
              <value>
                <![CDATA[39.00]]>
              </value>
            </param>
            <param index="4">
              <value>
                <![CDATA[50546]]>
              </value>
            </param>
          </params>
          <reporter-output>
          </reporter-output>
        </test-method> <!-- getmodelList200 -->
        <test-method signature="getmodelList200(java.lang.String,java.lang.String,java.lang.String,java.lang.String,java.lang.String)[pri:0, instance:testCases.AsiPriceTest@4c583ecf]" started-at="2023-11-07T15:13:48 IST" name="getmodelList200" data-provider="asiData" finished-at="2023-11-07T15:13:50 IST" depends-on-methods="testCases.AsiPriceTest.getAsidetails" duration-ms="1488" status="PASS">
          <params>
            <param index="0">
              <value>
                <![CDATA[FABRICDOOR]]>
              </value>
            </param>
            <param index="1">
              <value>
                <![CDATA[615L]]>
              </value>
            </param>
            <param index="2">
              <value>
                <![CDATA[17.00]]>
              </value>
            </param>
            <param index="3">
              <value>
                <![CDATA[39.00]]>
              </value>
            </param>
            <param index="4">
              <value>
                <![CDATA[51342]]>
              </value>
            </param>
          </params>
          <reporter-output>
          </reporter-output>
        </test-method> <!-- getmodelList200 -->
        <test-method signature="getmodelList200(java.lang.String,java.lang.String,java.lang.String,java.lang.String,java.lang.String)[pri:0, instance:testCases.AsiPriceTest@4c583ecf]" started-at="2023-11-07T15:13:50 IST" name="getmodelList200" data-provider="asiData" finished-at="2023-11-07T15:13:51 IST" depends-on-methods="testCases.AsiPriceTest.getAsidetails" duration-ms="1534" status="PASS">
          <params>
            <param index="0">
              <value>
                <![CDATA[FABRICDOOR]]>
              </value>
            </param>
            <param index="1">
              <value>
                <![CDATA[615L]]>
              </value>
            </param>
            <param index="2">
              <value>
                <![CDATA[18.00]]>
              </value>
            </param>
            <param index="3">
              <value>
                <![CDATA[39.00]]>
              </value>
            </param>
            <param index="4">
              <value>
                <![CDATA[52138]]>
              </value>
            </param>
          </params>
          <reporter-output>
          </reporter-output>
        </test-method> <!-- getmodelList200 -->
        <test-method is-config="true" signature="deleteProject()[pri:0, instance:testCases.AsiPriceTest@4c583ecf]" started-at="2023-11-07T15:13:51 IST" name="deleteProject" finished-at="2023-11-07T15:13:52 IST" duration-ms="1046" status="PASS">
          <reporter-output>
          </reporter-output>
        </test-method> <!-- deleteProject -->
      </class> <!-- testCases.AsiPriceTest -->
    </test> <!-- Default test -->
  </suite> <!-- Default suite -->
</testng-results>
